This is pdfTeX, Version 3.141592653-2.6-1.40.27 (TeX Live 2025/nixos.org) (preloaded format=pdflatex 1980.1.1)  30 JAN 2026 15:39
entering extended mode
 \write18 enabled.
 %&-line parsing enabled.
**/home/jason/Documents/y3/ELEC3907/proposal/source.tex
(/home/jason/Documents/y3/ELEC3907/proposal/source.tex
LaTeX2e <2025-06-01> patch level 1
L3 programming layer <2025-06-09>

(/nix/store/v8dz5xyar6kbm6xscb44b18rmd80bci3-texlive-combined-full-2025.2025070
3-texmfdist/tex/latex/base/article.cls
Document Class: article 2025/01/22 v1.4n Standard LaTeX document class

(/nix/store/v8dz5xyar6kbm6xscb44b18rmd80bci3-texlive-combined-full-2025.2025070
3-texmfdist/tex/latex/base/size10.clo
File: size10.clo 2025/01/22 v1.4n Standard LaTeX file (size option)
)
\c@part=\count275
\c@section=\count276
\c@subsection=\count277
\c@subsubsection=\count278
\c@paragraph=\count279
\c@subparagraph=\count280
\c@figure=\count281
\c@table=\count282
\abovecaptionskip=\skip49
\belowcaptionskip=\skip50
\bibindent=\dimen148
)
(/nix/store/v8dz5xyar6kbm6xscb44b18rmd80bci3-texlive-combined-full-2025.2025070
3-texmfdist/tex/latex/graphics/graphicx.sty
Package: graphicx 2024/12/31 v1.2e Enhanced LaTeX Graphics (DPC,SPQR)

(/nix/store/v8dz5xyar6kbm6xscb44b18rmd80bci3-texlive-combined-full-2025.2025070
3-texmfdist/tex/latex/graphics/keyval.sty
Package: keyval 2022/05/29 v1.15 key=value parser (DPC)
\KV@toks@=\toks17
)
(/nix/store/v8dz5xyar6kbm6xscb44b18rmd80bci3-texlive-combined-full-2025.2025070
3-texmfdist/tex/latex/graphics/graphics.sty
Package: graphics 2024/08/06 v1.4g Standard LaTeX Graphics (DPC,SPQR)

(/nix/store/v8dz5xyar6kbm6xscb44b18rmd80bci3-texlive-combined-full-2025.2025070
3-texmfdist/tex/latex/graphics/trig.sty
Package: trig 2023/12/02 v1.11 sin cos tan (DPC)
)
(/nix/store/v8dz5xyar6kbm6xscb44b18rmd80bci3-texlive-combined-full-2025.2025070
3-texmfdist/tex/latex/graphics-cfg/graphics.cfg
File: graphics.cfg 2016/06/04 v1.11 sample graphics configuration
)
Package graphics Info: Driver file: pdftex.def on input line 106.

(/nix/store/v8dz5xyar6kbm6xscb44b18rmd80bci3-texlive-combined-full-2025.2025070
3-texmfdist/tex/latex/graphics-def/pdftex.def
File: pdftex.def 2024/04/13 v1.2c Graphics/color driver for pdftex
))
\Gin@req@height=\dimen149
\Gin@req@width=\dimen150
)
(/nix/store/v8dz5xyar6kbm6xscb44b18rmd80bci3-texlive-combined-full-2025.2025070
3-texmfdist/tex/latex/l3backend/l3backend-pdftex.def
File: l3backend-pdftex.def 2025-06-09 L3 backend support: PDF output (pdfTeX)
\l__color_backend_stack_int=\count283
) (.aux/source.aux)
\openout1 = `source.aux'.

LaTeX Font Info:    Checking defaults for OML/cmm/m/it on input line 5.
LaTeX Font Info:    ... okay on input line 5.
LaTeX Font Info:    Checking defaults for OMS/cmsy/m/n on input line 5.
LaTeX Font Info:    ... okay on input line 5.
LaTeX Font Info:    Checking defaults for OT1/cmr/m/n on input line 5.
LaTeX Font Info:    ... okay on input line 5.
LaTeX Font Info:    Checking defaults for T1/cmr/m/n on input line 5.
LaTeX Font Info:    ... okay on input line 5.
LaTeX Font Info:    Checking defaults for TS1/cmr/m/n on input line 5.
LaTeX Font Info:    ... okay on input line 5.
LaTeX Font Info:    Checking defaults for OMX/cmex/m/n on input line 5.
LaTeX Font Info:    ... okay on input line 5.
LaTeX Font Info:    Checking defaults for U/cmr/m/n on input line 5.
LaTeX Font Info:    ... okay on input line 5.

(/nix/store/v8dz5xyar6kbm6xscb44b18rmd80bci3-texlive-combined-full-2025.2025070
3-texmfdist/tex/context/base/mkii/supp-pdf.mkii
[Loading MPS to PDF converter (version 2006.09.02).]
\scratchcounter=\count284
\scratchdimen=\dimen151
\scratchbox=\box53
\nofMPsegments=\count285
\nofMParguments=\count286
\everyMPshowfont=\toks18
\MPscratchCnt=\count287
\MPscratchDim=\dimen152
\MPnumerator=\count288
\makeMPintoPDFobject=\count289
\everyMPtoPDFconversion=\toks19
)
(/nix/store/v8dz5xyar6kbm6xscb44b18rmd80bci3-texlive-combined-full-2025.2025070
3-texmfdist/tex/latex/epstopdf-pkg/epstopdf-base.sty
Package: epstopdf-base 2020-01-24 v2.11 Base part for package epstopdf
Package epstopdf-base Info: Redefining graphics rule for `.eps' on input line 4
85.

(/nix/store/v8dz5xyar6kbm6xscb44b18rmd80bci3-texlive-combined-full-2025.2025070
3-texmfdist/tex/latex/latexconfig/epstopdf-sys.cfg
File: epstopdf-sys.cfg 2010/07/13 v1.3 Configuration of (r)epstopdf for TeX Liv
e
)) (./sections/titlepage.tex
LaTeX Font Info:    External font `cmex10' loaded for size
(Font)              <7> on input line 17.
LaTeX Font Info:    External font `cmex10' loaded for size
(Font)              <5> on input line 17.

(.aux/source.toc)
\tf@toc=\write3
\openout3 = `source.toc'.



[1

{/nix/store/kb1l145zi65pql8jdjc9wxqh52zpj87x-texlive-combined-full-2025.2025070
3/share/texmf-var/fonts/map/pdftex/updmap/pdftex.map}])

[1] (.aux/source.aux)
 ***********
LaTeX2e <2025-06-01> patch level 1
L3 programming layer <2025-06-09>
 ***********
 ) 
Here is how much of TeX's memory you used:
 1295 strings out of 467888
 22946 string characters out of 5405403
 431018 words of memory out of 5000000
 29885 multiletter control sequences out of 15000+600000
 628949 words of font info for 47 fonts, out of 8000000 for 9000
 1141 hyphenation exceptions out of 8191
 57i,6n,65p,226b,161s stack positions out of 10000i,1000n,20000p,200000b,200000s
</nix/store/v8dz5xyar6kbm6xscb44b18rmd80bci3-texlive-combined-full-2025.20250
703-texmfdist/fonts/type1/public/amsfonts/cm/cmbx10.pfb></nix/store/v8dz5xyar6k
bm6xscb44b18rmd80bci3-texlive-combined-full-2025.20250703-texmfdist/fonts/type1
/public/amsfonts/cm/cmbx12.pfb></nix/store/v8dz5xyar6kbm6xscb44b18rmd80bci3-tex
live-combined-full-2025.20250703-texmfdist/fonts/type1/public/amsfonts/cm/cmr10
.pfb></nix/store/v8dz5xyar6kbm6xscb44b18rmd80bci3-texlive-combined-full-2025.20
250703-texmfdist/fonts/type1/public/amsfonts/cm/cmr17.pfb>
Output written on .aux/source.pdf (2 pages, 63104 bytes).
PDF statistics:
 31 PDF objects out of 1000 (max. 8388607)
 18 compressed objects within 1 object stream
 0 named destinations out of 1000 (max. 500000)
 1 words of extra memory for PDF output out of 10000 (max. 10000000)

